###############################################################
#  Generated by:      Cadence Innovus 20.12-s088_1
#  OS:                Linux x86_64(Host ID en-ec-ecelinux-02.coecis.cornell.edu)
#  Generated on:      Tue Dec 12 00:42:38 2023
#  Design:            simon32_64
#  Command:           summaryReport -noHtml -outfile summaryReport.rpt
###############################################################


==============================
General Design Information
==============================
Design Status: Routed  
Design Name: simon32_64  
# Instances: 74527  
# Hard Macros: 0  
# Std Cells: 74527  
    ------------------------------
    Standard Cells in Netlist
    ------------------------------
               Cell Type   Instance Count  Area (um^2)  
    A2O1A1Ixp33_ASAP7_75t_R              511         715.2365  
      AO21x1_ASAP7_75t_R                1           1.3997  
      AO21x2_ASAP7_75t_R                3           4.8989  
     AOI22x1_ASAP7_75t_R              103         240.2784  
    AOI22xp5_ASAP7_75t_R              289         404.5075  
    ASYNC_DFFHx1_ASAP7_75t_R             3040       18438.4512  
      BUFx10_ASAP7_75t_R                9          29.3933  
     BUFx12f_ASAP7_75t_R                5          20.9952  
       BUFx2_ASAP7_75t_R              114         132.9696  
       BUFx3_ASAP7_75t_R               69          96.5779  
      BUFx4f_ASAP7_75t_R               24          44.7898  
       BUFx5_ASAP7_75t_R                2           3.7325  
      BUFx6f_ASAP7_75t_R               40          93.3120  
       BUFx8_ASAP7_75t_R                5          13.9968  
        FAx1_ASAP7_75t_R              944        3083.0285  
      FILLER_ASAP7_75t_R            60319       28142.4326  
    FILLERxp5_ASAP7_75t_R             4523        1055.1254  
     HB1xp67_ASAP7_75t_R              300         279.9360  
     HB2xp67_ASAP7_75t_R               36          41.9904  
     HB3xp67_ASAP7_75t_R               60          83.9808  
       INVx1_ASAP7_75t_R              679         475.1914  
       INVx2_ASAP7_75t_R               96          89.5795  
       INVx3_ASAP7_75t_R               10          11.6640  
       INVx4_ASAP7_75t_R                3           4.1990  
       INVx5_ASAP7_75t_R                2           3.2659  
     INVxp33_ASAP7_75t_R              702         491.2877  
     INVxp67_ASAP7_75t_R              704         492.6874  
    NAND2x1p5_ASAP7_75t_R                1           1.8662  
    NAND2xp33_ASAP7_75t_R               12          11.1974  
    NAND2xp5_ASAP7_75t_R               12          11.1974  
    NAND3xp33_ASAP7_75t_R              512         597.1968  
      NOR2x1_ASAP7_75t_R                1           1.3997  
    NOR2xp33_ASAP7_75t_R                3           2.7994  
      OA22x2_ASAP7_75t_R               24          55.9872  
     OAI21x1_ASAP7_75t_R                1           1.8662  
    OAI21xp5_ASAP7_75t_R               18          20.9952  
     OAI22x1_ASAP7_75t_R                2           4.6656  
    OAI22xp5_ASAP7_75t_R               13          18.1958  
     TAPCELL_ASAP7_75t_R             1308         610.2605  
     TIELOx1_ASAP7_75t_R                1           0.6998  
    XNOR2xp5_ASAP7_75t_R                3           6.2986  
      XOR2x2_ASAP7_75t_R                4          10.2643  
     XOR2xp5_ASAP7_75t_R               19          39.8909  
# Pads: 0  
# Net: 8515  
# Special Net: 2  
# IO Pins: 
    ------------------------------
    Issued IO Information
    ------------------------------
    # Unplaced IO Pin  0  
    # Floating IO  0  
    # IO Connected to Non-IO Inst  
        ------------------------------
        IO Connected to Non-IO Inst
        ------------------------------
                     IO Name      Non-IO Inst Name  
               ciphertext[0]                 U4578  
               ciphertext[1]                 U4775  
               ciphertext[2]                 U4778  
               ciphertext[3]                 U4770  
               ciphertext[4]                 U4781  
               ciphertext[5]                 U4772  
               ciphertext[6]                 U4779  
               ciphertext[7]                 U4782  
               ciphertext[8]                 U4771  
               ciphertext[9]                 U4773  
              ciphertext[10]                 U4784  
              ciphertext[11]                 U4796  
              ciphertext[12]                 U4579  
              ciphertext[13]                 U4793  
              ciphertext[14]                 U4792  
              ciphertext[15]                 U4798  
              ciphertext[16]                 U4785  
              ciphertext[17]                 U4787  
              ciphertext[18]                 U4791  
              ciphertext[19]                 U4783  
              ciphertext[20]                 U4788  
              ciphertext[21]                 U4789  
              ciphertext[22]                 U4795  
              ciphertext[23]                 U4794  
              ciphertext[24]                 U4786  
              ciphertext[25]                 U4797  
              ciphertext[26]                 U4790  
              ciphertext[27]                 U4580  
              ciphertext[28]                 U4774  
              ciphertext[29]                 U4776  
              ciphertext[30]                 U4780  
              ciphertext[31]                 U4777  
                      key[0]      FE_PHC1278_key_0  
                      key[1]      FE_PHC1277_key_1  
                      key[2]      FE_PHC1286_key_2  
                      key[3]      FE_PHC1276_key_3  
                      key[4]      FE_PHC1272_key_4  
                      key[5]      FE_PHC1268_key_5  
                      key[6]      FE_PHC1348_key_6  
                      key[7]      FE_PHC1280_key_7  
                      key[8]      FE_PHC1279_key_8  
                      key[9]      FE_PHC1297_key_9  
                     key[10]     FE_PHC1273_key_10  
                     key[11]     FE_PHC1295_key_11  
                     key[12]     FE_PHC1292_key_12  
                     key[13]     FE_PHC1294_key_13  
                     key[14]     FE_PHC1275_key_14  
                     key[15]     FE_PHC1271_key_15  
                     key[16]     FE_PHC1270_key_16  
                     key[17]     FE_PHC1269_key_17  
                     key[18]     FE_PHC1296_key_18  
                     key[19]     FE_PHC1291_key_19  
                     key[20]     FE_PHC1290_key_20  
                     key[21]     FE_PHC1289_key_21  
                     key[22]     FE_PHC1287_key_22  
                     key[23]     FE_PHC1285_key_23  
                     key[24]     FE_PHC1284_key_24  
                     key[25]     FE_PHC1283_key_25  
                     key[26]     FE_PHC1282_key_26  
                     key[27]     FE_PHC1274_key_27  
                     key[28]     FE_PHC1281_key_28  
                     key[29]     FE_PHC1245_key_29  
                     key[30]     FE_PHC1253_key_30  
                     key[31]     FE_PHC1256_key_31  
                     key[32]     FE_PHC1293_key_32  
                     key[33]     FE_PHC1248_key_33  
                     key[34]     FE_PHC1252_key_34  
                     key[35]     FE_PHC1251_key_35  
                     key[36]     FE_PHC1254_key_36  
                     key[37]     FE_PHC1255_key_37  
                     key[38]     FE_PHC1250_key_38  
                     key[39]     FE_PHC1247_key_39  
                     key[40]     FE_PHC1249_key_40  
                     key[41]     FE_PHC1246_key_41  
                     key[42]     FE_PHC1370_key_42  
                     key[43]     FE_PHC1368_key_43  
                     key[44]     FE_PHC1365_key_44  
                     key[45]     FE_PHC1358_key_45  
                     key[46]     FE_PHC1357_key_46  
                     key[47]     FE_PHC1373_key_47  
                     key[48]     FE_PHC1374_key_48  
                     key[49]     FE_PHC1371_key_49  
                     key[50]     FE_PHC1372_key_50  
                     key[51]     FE_PHC1361_key_51  
                     key[52]     FE_PHC1367_key_52  
                     key[53]     FE_PHC1375_key_53  
                     key[54]     FE_PHC1369_key_54  
                     key[55]     FE_PHC1362_key_55  
                     key[56]     FE_PHC1360_key_56  
                     key[57]     FE_PHC1363_key_57  
                     key[58]     FE_PHC1366_key_58  
                     key[59]     FE_PHC1359_key_59  
                     key[60]     FE_PHC1364_key_60  
                     key[61]     FE_PHC1266_key_61  
                     key[62]     FE_PHC1325_key_62  
                     key[63]     FE_PHC1324_key_63  
                plaintext[0]  FE_PHC1330_plaintext_0  
                plaintext[1]  FE_PHC1332_plaintext_1  
                plaintext[2]  FE_PHC1331_plaintext_2  
                plaintext[3]  FE_PHC1329_plaintext_3  
                plaintext[4]  FE_PHC1328_plaintext_4  
                plaintext[5]  FE_PHC1322_plaintext_5  
                plaintext[6]  FE_PHC1323_plaintext_6  
                plaintext[7]  FE_PHC1326_plaintext_7  
                plaintext[8]  FE_PHC1321_plaintext_8  
                plaintext[9]  FE_PHC1337_plaintext_9  
               plaintext[10]  FE_PHC1336_plaintext_10  
               plaintext[11]  FE_PHC1335_plaintext_11  
               plaintext[12]  FE_PHC1338_plaintext_12  
               plaintext[13]  FE_PHC1333_plaintext_13  
               plaintext[14]  FE_PHC1334_plaintext_14  
               plaintext[15]  FE_PHC1339_plaintext_15  
               plaintext[16]  FE_PHC1350_plaintext_16  
               plaintext[17]  FE_PHC1341_plaintext_17  
               plaintext[18]  FE_PHC1349_plaintext_18  
               plaintext[19]  FE_PHC1347_plaintext_19  
               plaintext[20]  FE_PHC1346_plaintext_20  
               plaintext[21]  FE_PHC1352_plaintext_21  
               plaintext[22]  FE_PHC1354_plaintext_22  
               plaintext[23]  FE_PHC1356_plaintext_23  
               plaintext[24]  FE_PHC1353_plaintext_24  
               plaintext[25]  FE_PHC1355_plaintext_25  
               plaintext[26]  FE_PHC1345_plaintext_26  
               plaintext[27]  FE_PHC1343_plaintext_27  
               plaintext[28]  FE_PHC1342_plaintext_28  
               plaintext[29]  FE_PHC1344_plaintext_29  
               plaintext[30]  FE_PHC1351_plaintext_30  
               plaintext[31]  FE_PHC1340_plaintext_31  
                       reset       FE_OFC924_reset  
                         clk   CTS_ccl_a_buf_00147  130  130  
# Pins: 
    ------------------------------
    Correctness of Pin Connectivity for All Instances
    ------------------------------
    # Floating Terms  0  
    # Output Term Marked Tie Hi/Lo  0  
    # Output Term Shorted to PG Net  0  31712  
# PG Pins: 
    ------------------------------
    Correctness of PG Pin Connectivity for All Instances
    ------------------------------
    # Instances that No Net Defined for Any PG Pin  0  
    # Floating PG Terms  0  
    # PG Pins Connect to Non-PG Net  0  
    # Power Pins Connect Ground Net  0  
    # Ground Pins Connect Power Net  0  149054  
Average Pins Per Net(Signal): 3.724  

==============================
General Library Information
==============================
# Routing Layers: 10  
# Masterslice Layers: 4  
# Pin Layers: 
    General Caution:
        1) Library have M1 and M2 pins, you should setPlaceMode -prerouteAsObs {1 2 3}                                 to ensure these pins are accessible after placement

    ------------------------------
    Pin Layers
    ------------------------------
    M2  
    M1  2  
# Layers: 
    ------------------------------
    Layer Pad Information
    ------------------------------
    Type  Routing  
    Wire Pitch X  0.320 um  
    Wire Pitch Y  0.320 um  
    Offset X  0.160 um  
    Offset Y  0.160 um  
    Wire Width  0.160 um  
    Spacing  8.000 um  
    ------------------------------
    Layer V9 Information
    ------------------------------
    Type  Cut  
    Wire Width  0.160 um  
    Vias  
        ------------------------------
        Via list in layer V9
        ------------------------------
                  Vias in V9  Default  
                     VIA9Pad      Yes  For complete list click here  
    Multiple Orientation Vias  CAUTION: There is only one default via in this layer  
    ------------------------------
    Layer M9 Information
    ------------------------------
    Type  Routing  
    Wire Pitch X  0.320 um  
    Wire Pitch Y  0.320 um  
    Offset X  0.160 um  
    Offset Y  0.160 um  
    Wire Width  0.160 um  
    Spacing  0.160 um  
    ------------------------------
    Layer V8 Information
    ------------------------------
    Type  Cut  
    Wire Width  0.160 um  
    Vias  
        ------------------------------
        Via list in layer V8
        ------------------------------
                  Vias in V8  Default  
                       VIA89      Yes  For complete list click here  
    Multiple Orientation Vias  CAUTION: There is only one default via in this layer  
    ------------------------------
    Layer M8 Information
    ------------------------------
    Type  Routing  
    Wire Pitch X  0.320 um  
    Wire Pitch Y  0.320 um  
    Offset X  0.160 um  
    Offset Y  0.160 um  
    Wire Width  0.160 um  
    Spacing  0.160 um  
    ------------------------------
    Layer V7 Information
    ------------------------------
    Type  Cut  
    Wire Width  0.128 um  
    Vias  
        ------------------------------
        Via list in layer V7
        ------------------------------
                  Vias in V7  Default  
                       VIA78      Yes  For complete list click here  
    Multiple Orientation Vias  CAUTION: There is only one default via in this layer  
    ------------------------------
    Layer M7 Information
    ------------------------------
    Type  Routing  
    Wire Pitch X  0.256 um  
    Wire Pitch Y  0.256 um  
    Offset X  0.128 um  
    Offset Y  0.128 um  
    Wire Width  0.128 um  
    Spacing  0.128 um  
    ------------------------------
    Layer V6 Information
    ------------------------------
    Type  Cut  
    Vias  
        ------------------------------
        Via list in layer V6
        ------------------------------
                  Vias in V6  Default  
                       VIA67      Yes  For complete list click here  
    Multiple Orientation Vias  CAUTION: There is only one default via in this layer  
    ------------------------------
    Layer M6 Information
    ------------------------------
    Type  Routing  
    Wire Pitch X  0.256 um  
    Wire Pitch Y  0.256 um  
    Offset X  0.128 um  
    Offset Y  0.128 um  
    Wire Width  0.128 um  
    Spacing  0.128 um  
    ------------------------------
    Layer V5 Information
    ------------------------------
    Type  Cut  
    Vias  
        ------------------------------
        Via list in layer V5
        ------------------------------
                  Vias in V5  Default  
                       VIA56      Yes  For complete list click here  
    Multiple Orientation Vias  CAUTION: There is only one default via in this layer  
    ------------------------------
    Layer M5 Information
    ------------------------------
    Type  Routing  
    Wire Pitch X  0.192 um  
    Wire Pitch Y  0.192 um  
    Wire Width  0.096 um  
    Spacing  0.096 um  
    ------------------------------
    Layer V4 Information
    ------------------------------
    Type  Cut  
    Vias  
        ------------------------------
        Via list in layer V4
        ------------------------------
                  Vias in V4  Default  
                       VIA45      Yes  For complete list click here  
    Multiple Orientation Vias  CAUTION: There is only one default via in this layer  
    ------------------------------
    Layer M4 Information
    ------------------------------
    Type  Routing  
    Wire Pitch X  0.192 um  
    Wire Pitch Y  0.192 um  
    Offset X  0.012 um  
    Offset Y  0.012 um  
    Wire Width  0.096 um  
    Spacing  0.096 um  
    ------------------------------
    Layer V3 Information
    ------------------------------
    Type  Cut  
    Vias  
        ------------------------------
        Via list in layer V3
        ------------------------------
                  Vias in V3  Default  
                       VIA34      Yes  For complete list click here  
    Multiple Orientation Vias  CAUTION: There is only one default via in this layer  
    ------------------------------
    Layer M3 Information
    ------------------------------
    Type  Routing  
    Wire Pitch X  0.144 um  
    Wire Pitch Y  0.144 um  
    Wire Width  0.072 um  
    Spacing  0.072 um  
    ------------------------------
    Layer V2 Information
    ------------------------------
    Type  Cut  
    Wire Width  0.072 um  
    Vias  
        ------------------------------
        Via list in layer V2
        ------------------------------
                  Vias in V2  Default  
                       VIA23      Yes  For complete list click here  
    Multiple Orientation Vias  CAUTION: There is only one default via in this layer  
    ------------------------------
    Layer M2 Information
    ------------------------------
    Type  Routing  
    Wire Pitch X  0.144 um  
    Wire Pitch Y  0.144 um  
    Wire Width  0.072 um  
    Spacing  0.072 um  
    ------------------------------
    Layer V1 Information
    ------------------------------
    Type  Cut  
    Wire Width  0.072 um  
    Vias  
        ------------------------------
        Via list in layer V1
        ------------------------------
                  Vias in V1  Default  
                       VIA12      Yes  For complete list click here  
    Multiple Orientation Vias  CAUTION: There is only one default via in this layer  
    ------------------------------
    Layer M1 Information
    ------------------------------
    Type  Routing  
    Wire Pitch X  0.144 um  
    Wire Pitch Y  0.144 um  
    Wire Width  0.072 um  
    Spacing  0.072 um  
    ------------------------------
    Layer V0 Information
    ------------------------------
    Type  Cut  
    Wire Width  0.072 um  
    Vias  
        ------------------------------
        Via list in layer V0
        ------------------------------  
    ------------------------------
    Layer Active Information
    ------------------------------
    Type  Masterslice  
    ------------------------------
    Layer Gate Information
    ------------------------------
    Type  Masterslice  
    ------------------------------
    Layer OVERLAP Information
    ------------------------------
    Type  Overlap  25  
# Pins without Physical Port: 
    ------------------------------
    Pins without physical port
    ------------------------------
               Cell Name      List of Pin Name  
     BUFx16f_ASAP7_75t_R                     A  1  
# Pins in Library without Timing Lib: 
    ------------------------------
    Pins in Library without timing lib
    ------------------------------
               Cell Name      List of Pin Name  
       ICGx4_ASAP7_75t_R                   CLK  
       ICGx4_ASAP7_75t_R                   ENA  
       ICGx4_ASAP7_75t_R                  GCLK  
       ICGx4_ASAP7_75t_R                    SE  
       ICGx5_ASAP7_75t_R                   CLK  
       ICGx5_ASAP7_75t_R                   ENA  
       ICGx5_ASAP7_75t_R                  GCLK  
       ICGx5_ASAP7_75t_R                    SE  8  
# Pins Missing Direction: 0  
Antenna Summary Report: 
    General Caution:
        1) All Antenna Constructs are absent for the layer section of LEF.
        2) All Antenna Constructs are absent for the macro section of LEF.For more information click here  
# Cells Missing LEF Info: 0  
# Cells with Dimension Errors: 0  

==============================
Netlist Information
==============================
# HFO (>200) Nets: 0  
# No-driven Nets: 38  
    General Caution:
        1) TODO
    No-driven Nets  
    ss1_ke_1_rso1[0]  
    ss1_ke_1_rso1[7]  
    ss2_ke_1_rso1[8]  
    ss4_ke_1_rso1[5]  
    ss4_ke_1_rso1[6]  
    ss5_ke_1_rso1[5]  
    ss6_ke_1_rso1[6]  
    ss8_ke_1_rso1[13]  
    ss10_ke_1_rso1[4]  
    ss11_ke_1_rso1[13]  
    ss11_ke_1_rso1[14]  
    ss13_ke_1_rso1[11]  
    ss16_ke_1_rso1[5]  
    ss18_ke_1_rso1[12]  
    ss22_ke_1_rso1[7]  
    ss24_ke_1_rso1[8]  
    ss24_ke_1_rso1[9]  
    ss25_ke_1_rso1[8]  
    ss25_ke_1_rso1[9]  
    ss27_ke_1_rso1[1]  
    ss2_new_keys_[10]  
    ss3_new_keys_[8]  
    ss5_new_keys_[5]  
    ss6_new_keys_[6]  
    ss7_new_keys_[5]  
    ss9_new_keys_[4]  
    ss9_new_keys_[7]  
    ss16_new_keys_[7]  
    ss17_new_keys_[5]  
    ss19_new_keys_[15]  
    ss22_new_keys_[7]  
    ss22_new_keys_[8]  
    ss24_new_keys_[9]  
    ss24_new_keys_[10]  
    ss26_new_keys_[1]  
    ss26_new_keys_[3]  
    ss27_new_keys_[5]  
    ss0_new_keys_[7]  
# Multi-driven Nets: 0  
# Assign Statements: 0  
Is Design Uniquified: YES  
# Pins in Netlist without timing lib: 0  

==============================

==============================
: Internal  External  
No of Nets:       8475           0  
No of Connections:      23367           0  
Total Net Length (X): 5.9159e+04  0.0000e+00  
Total Net Length (Y): 7.2838e+04  0.0000e+00  
Total Net Length: 1.3200e+05  0.0000e+00  

==============================
Timing Information
==============================
# Clocks in design: 
    ------------------------------
    Clocks in Design
    ------------------------------
    default_hold_view/clk  
    default_setup_view/clk  2  
# Generated clocks: 0  
# "dont_use" cells from .libs: 
    ------------------------------
    Dont_use Cell List
    ------------------------------
    BUFx16f_ASAP7_75t_R  
    DFFHQNx2_ASAP7_75t_R  
    DFFLQNx2_ASAP7_75t_R  
    DHLx2_ASAP7_75t_R  
    DLLx2_ASAP7_75t_R  
    ICGx2_ASAP7_75t_R  
    SDFHx2_ASAP7_75t_R  
    SDFLx2_ASAP7_75t_R  8  
# "dont_touch" cells from .libs: 0  
# Cells in .lib with max_tran: 
    ------------------------------
    Cell List with max_tran
    ------------------------------
               Cell Name  Max Transition (ps)  
    A2O1A1Ixp33_ASAP7_75t_R  320  
    A2O1A1O1Ixp25_ASAP7_75t_R  320  
      AND2x2_ASAP7_75t_R  320  
      AND2x4_ASAP7_75t_R  320  
      AND2x6_ASAP7_75t_R  320  
      AND3x1_ASAP7_75t_R  320  
      AND3x2_ASAP7_75t_R  320  
      AND3x4_ASAP7_75t_R  320  
      AND4x1_ASAP7_75t_R  320  
      AND4x2_ASAP7_75t_R  320  
      AND5x1_ASAP7_75t_R  320  
      AND5x2_ASAP7_75t_R  320  
     AO211x2_ASAP7_75t_R  320  
      AO21x1_ASAP7_75t_R  320  
      AO21x2_ASAP7_75t_R  320  
     AO221x1_ASAP7_75t_R  320  
     AO221x2_ASAP7_75t_R  320  
     AO222x2_ASAP7_75t_R  320  
      AO22x1_ASAP7_75t_R  320  
      AO22x2_ASAP7_75t_R  320  
      AO31x2_ASAP7_75t_R  320  
     AO322x2_ASAP7_75t_R  320  
      AO32x1_ASAP7_75t_R  320  
      AO32x2_ASAP7_75t_R  320  
     AO331x1_ASAP7_75t_R  320  
     AO331x2_ASAP7_75t_R  320  
     AO332x1_ASAP7_75t_R  320  
     AO332x2_ASAP7_75t_R  320  
     AO333x1_ASAP7_75t_R  320  
     AO333x2_ASAP7_75t_R  320  
      AO33x2_ASAP7_75t_R  320  
    AOI211x1_ASAP7_75t_R  320  
    AOI211xp5_ASAP7_75t_R  320  
     AOI21x1_ASAP7_75t_R  320  
    AOI21xp33_ASAP7_75t_R  320  
    AOI21xp5_ASAP7_75t_R  320  
    AOI221x1_ASAP7_75t_R  320  
    AOI221xp5_ASAP7_75t_R  320  
    AOI222xp33_ASAP7_75t_R  320  
     AOI22x1_ASAP7_75t_R  320  
    AOI22xp33_ASAP7_75t_R  320  
    AOI22xp5_ASAP7_75t_R  320  
    AOI311xp33_ASAP7_75t_R  320  
    AOI31xp33_ASAP7_75t_R  320  
    AOI31xp67_ASAP7_75t_R  320  
    AOI321xp33_ASAP7_75t_R  320  
    AOI322xp5_ASAP7_75t_R  320  
    AOI32xp33_ASAP7_75t_R  320  
    AOI331xp33_ASAP7_75t_R  320  
    AOI332xp33_ASAP7_75t_R  320  
    AOI333xp33_ASAP7_75t_R  320  
    AOI33xp33_ASAP7_75t_R  320  
    ASYNC_DFFHx1_ASAP7_75t_R  320  
      BUFx10_ASAP7_75t_R  320  
      BUFx12_ASAP7_75t_R  320  
     BUFx12f_ASAP7_75t_R  320  
     BUFx16f_ASAP7_75t_R  320  
      BUFx24_ASAP7_75t_R  320  
       BUFx2_ASAP7_75t_R  320  
       BUFx3_ASAP7_75t_R  320  
       BUFx4_ASAP7_75t_R  320  
      BUFx4f_ASAP7_75t_R  320  
       BUFx5_ASAP7_75t_R  320  
      BUFx6f_ASAP7_75t_R  320  
       BUFx8_ASAP7_75t_R  320  
    DFFHQNx1_ASAP7_75t_R  320  
    DFFHQNx2_ASAP7_75t_R  320  
    DFFHQNx3_ASAP7_75t_R  320  
     DFFHQx4_ASAP7_75t_R  320  
    DFFLQNx1_ASAP7_75t_R  320  
    DFFLQNx2_ASAP7_75t_R  320  
    DFFLQNx3_ASAP7_75t_R  320  
     DFFLQx4_ASAP7_75t_R  320  
       DHLx1_ASAP7_75t_R  320  
       DHLx2_ASAP7_75t_R  320  
       DHLx3_ASAP7_75t_R  320  
       DLLx1_ASAP7_75t_R  320  
       DLLx2_ASAP7_75t_R  320  
       DLLx3_ASAP7_75t_R  320  
        FAx1_ASAP7_75t_R  320  
       HAxp5_ASAP7_75t_R  320  
     HB1xp67_ASAP7_75t_R  320  
     HB2xp67_ASAP7_75t_R  320  
     HB3xp67_ASAP7_75t_R  320  
     HB4xp67_ASAP7_75t_R  320  
       ICGx1_ASAP7_75t_R  320  
       ICGx2_ASAP7_75t_R  320  
       ICGx3_ASAP7_75t_R  320  
      INVx11_ASAP7_75t_R  320  
      INVx13_ASAP7_75t_R  320  
       INVx1_ASAP7_75t_R  320  
       INVx2_ASAP7_75t_R  320  
       INVx3_ASAP7_75t_R  320  
       INVx4_ASAP7_75t_R  320  
       INVx5_ASAP7_75t_R  320  
       INVx6_ASAP7_75t_R  320  
       INVx8_ASAP7_75t_R  320  
     INVxp33_ASAP7_75t_R  320  
     INVxp67_ASAP7_75t_R  320  
     MAJIxp5_ASAP7_75t_R  320  
       MAJx2_ASAP7_75t_R  320  
       MAJx3_ASAP7_75t_R  320  
     NAND2x1_ASAP7_75t_R  320  
    NAND2x1p5_ASAP7_75t_R  320  
     NAND2x2_ASAP7_75t_R  320  
    NAND2xp33_ASAP7_75t_R  320  
    NAND2xp5_ASAP7_75t_R  320  
    NAND2xp67_ASAP7_75t_R  320  
     NAND3x1_ASAP7_75t_R  320  
     NAND3x2_ASAP7_75t_R  320  
    NAND3xp33_ASAP7_75t_R  320  
    NAND4xp25_ASAP7_75t_R  320  
    NAND4xp75_ASAP7_75t_R  320  
    NAND5xp2_ASAP7_75t_R  320  
      NOR2x1_ASAP7_75t_R  320  
    NOR2x1p5_ASAP7_75t_R  320  
      NOR2x2_ASAP7_75t_R  320  
    NOR2xp33_ASAP7_75t_R  320  
    NOR2xp67_ASAP7_75t_R  320  
      NOR3x1_ASAP7_75t_R  320  
      NOR3x2_ASAP7_75t_R  320  
    NOR3xp33_ASAP7_75t_R  320  
    NOR4xp25_ASAP7_75t_R  320  
    NOR4xp75_ASAP7_75t_R  320  
     NOR5xp2_ASAP7_75t_R  320  
    O2A1O1Ixp33_ASAP7_75t_R  320  
    O2A1O1Ixp5_ASAP7_75t_R  320  
     OA211x2_ASAP7_75t_R  320  
      OA21x2_ASAP7_75t_R  320  
     OA221x2_ASAP7_75t_R  320  
     OA222x2_ASAP7_75t_R  320  
      OA22x2_ASAP7_75t_R  320  
      OA31x2_ASAP7_75t_R  320  
     OA331x1_ASAP7_75t_R  320  
     OA331x2_ASAP7_75t_R  320  
     OA332x1_ASAP7_75t_R  320  
     OA332x2_ASAP7_75t_R  320  
     OA333x1_ASAP7_75t_R  320  
     OA333x2_ASAP7_75t_R  320  
      OA33x2_ASAP7_75t_R  320  
    OAI211xp5_ASAP7_75t_R  320  
     OAI21x1_ASAP7_75t_R  320  
    OAI21xp33_ASAP7_75t_R  320  
    OAI21xp5_ASAP7_75t_R  320  
    OAI221xp5_ASAP7_75t_R  320  
    OAI222xp33_ASAP7_75t_R  320  
     OAI22x1_ASAP7_75t_R  320  
    OAI22xp33_ASAP7_75t_R  320  
    OAI22xp5_ASAP7_75t_R  320  
    OAI311xp33_ASAP7_75t_R  320  
    OAI31xp33_ASAP7_75t_R  320  
    OAI31xp67_ASAP7_75t_R  320  
    OAI321xp33_ASAP7_75t_R  320  
    OAI322xp33_ASAP7_75t_R  320  
    OAI32xp33_ASAP7_75t_R  320  
    OAI331xp33_ASAP7_75t_R  320  
    OAI332xp33_ASAP7_75t_R  320  
    OAI333xp33_ASAP7_75t_R  320  
    OAI33xp33_ASAP7_75t_R  320  
       OR2x2_ASAP7_75t_R  320  
       OR2x4_ASAP7_75t_R  320  
       OR2x6_ASAP7_75t_R  320  
       OR3x1_ASAP7_75t_R  320  
       OR3x2_ASAP7_75t_R  320  
       OR3x4_ASAP7_75t_R  320  
       OR4x1_ASAP7_75t_R  320  
       OR4x2_ASAP7_75t_R  320  
       OR5x1_ASAP7_75t_R  320  
       OR5x2_ASAP7_75t_R  320  
      SDFHx1_ASAP7_75t_R  320  
      SDFHx2_ASAP7_75t_R  320  
      SDFHx3_ASAP7_75t_R  320  
      SDFHx4_ASAP7_75t_R  320  
      SDFLx1_ASAP7_75t_R  320  
      SDFLx2_ASAP7_75t_R  320  
      SDFLx3_ASAP7_75t_R  320  
      SDFLx4_ASAP7_75t_R  320  
     TIEHIx1_ASAP7_75t_R  1000  
     TIELOx1_ASAP7_75t_R  1000  
     XNOR2x1_ASAP7_75t_R  320  
     XNOR2x2_ASAP7_75t_R  320  
    XNOR2xp5_ASAP7_75t_R  320  
      XOR2x1_ASAP7_75t_R  320  
      XOR2x2_ASAP7_75t_R  320  
     XOR2xp5_ASAP7_75t_R  320  185  
# Cells in .lib with max_cap: 
    ------------------------------
    Cell List with max_cap
    ------------------------------
               Cell Name  Max Capacitance (pf)  
    A2O1A1Ixp33_ASAP7_75t_R  0.011520  
    A2O1A1O1Ixp25_ASAP7_75t_R  0.011520  
      AND2x2_ASAP7_75t_R  0.092160  
      AND2x4_ASAP7_75t_R  0.184320  
      AND2x6_ASAP7_75t_R  0.368640  
      AND3x1_ASAP7_75t_R  0.046080  
      AND3x2_ASAP7_75t_R  0.092160  
      AND3x4_ASAP7_75t_R  0.184320  
      AND4x1_ASAP7_75t_R  0.046080  
      AND4x2_ASAP7_75t_R  0.092160  
      AND5x1_ASAP7_75t_R  0.046080  
      AND5x2_ASAP7_75t_R  0.092160  
     AO211x2_ASAP7_75t_R  0.092160  
      AO21x1_ASAP7_75t_R  0.046080  
      AO21x2_ASAP7_75t_R  0.092160  
     AO221x1_ASAP7_75t_R  0.046080  
     AO221x2_ASAP7_75t_R  0.092160  
     AO222x2_ASAP7_75t_R  0.092160  
      AO22x1_ASAP7_75t_R  0.046080  
      AO22x2_ASAP7_75t_R  0.092160  
      AO31x2_ASAP7_75t_R  0.092160  
     AO322x2_ASAP7_75t_R  0.092160  
      AO32x1_ASAP7_75t_R  0.046080  
      AO32x2_ASAP7_75t_R  0.092160  
     AO331x1_ASAP7_75t_R  0.046080  
     AO331x2_ASAP7_75t_R  0.092160  
     AO332x1_ASAP7_75t_R  0.046080  
     AO332x2_ASAP7_75t_R  0.092160  
     AO333x1_ASAP7_75t_R  0.046080  
     AO333x2_ASAP7_75t_R  0.092160  
      AO33x2_ASAP7_75t_R  0.092160  
    AOI211x1_ASAP7_75t_R  0.046080  
    AOI211xp5_ASAP7_75t_R  0.023040  
     AOI21x1_ASAP7_75t_R  0.046080  
    AOI21xp33_ASAP7_75t_R  0.011520  
    AOI21xp5_ASAP7_75t_R  0.023040  
    AOI221x1_ASAP7_75t_R  0.046080  
    AOI221xp5_ASAP7_75t_R  0.023040  
    AOI222xp33_ASAP7_75t_R  0.011520  
     AOI22x1_ASAP7_75t_R  0.046080  
    AOI22xp33_ASAP7_75t_R  0.011520  
    AOI22xp5_ASAP7_75t_R  0.023040  
    AOI311xp33_ASAP7_75t_R  0.011520  
    AOI31xp33_ASAP7_75t_R  0.011520  
    AOI31xp67_ASAP7_75t_R  0.023040  
    AOI321xp33_ASAP7_75t_R  0.011520  
    AOI322xp5_ASAP7_75t_R  0.023040  
    AOI32xp33_ASAP7_75t_R  0.011520  
    AOI331xp33_ASAP7_75t_R  0.011520  
    AOI332xp33_ASAP7_75t_R  0.011520  
    AOI333xp33_ASAP7_75t_R  0.011520  
    AOI33xp33_ASAP7_75t_R  0.011520  
    ASYNC_DFFHx1_ASAP7_75t_R  0.046080  
      BUFx10_ASAP7_75t_R  0.368640  
      BUFx12_ASAP7_75t_R  0.737280  
     BUFx12f_ASAP7_75t_R  0.737280  
     BUFx16f_ASAP7_75t_R  0.737280  
      BUFx24_ASAP7_75t_R  1.474560  
       BUFx2_ASAP7_75t_R  0.092160  
       BUFx3_ASAP7_75t_R  0.184320  
       BUFx4_ASAP7_75t_R  0.184320  
      BUFx4f_ASAP7_75t_R  0.184320  
       BUFx5_ASAP7_75t_R  0.184320  
      BUFx6f_ASAP7_75t_R  0.368640  
       BUFx8_ASAP7_75t_R  0.368640  
    DFFHQNx1_ASAP7_75t_R  0.046080  
    DFFHQNx2_ASAP7_75t_R  0.092160  
    DFFHQNx3_ASAP7_75t_R  0.184320  
     DFFHQx4_ASAP7_75t_R  0.184320  
    DFFLQNx1_ASAP7_75t_R  0.046080  
    DFFLQNx2_ASAP7_75t_R  0.092160  
    DFFLQNx3_ASAP7_75t_R  0.184320  
     DFFLQx4_ASAP7_75t_R  0.184320  
       DHLx1_ASAP7_75t_R  0.046080  
       DHLx2_ASAP7_75t_R  0.092160  
       DHLx3_ASAP7_75t_R  0.184320  
       DLLx1_ASAP7_75t_R  0.046080  
       DLLx2_ASAP7_75t_R  0.092160  
       DLLx3_ASAP7_75t_R  0.184320  
        FAx1_ASAP7_75t_R  0.046080  
       HAxp5_ASAP7_75t_R  0.023040  
     HB1xp67_ASAP7_75t_R  0.023040  
     HB2xp67_ASAP7_75t_R  0.023040  
     HB3xp67_ASAP7_75t_R  0.023040  
     HB4xp67_ASAP7_75t_R  0.023040  
       ICGx1_ASAP7_75t_R  0.046080  
       ICGx2_ASAP7_75t_R  0.092160  
       ICGx3_ASAP7_75t_R  0.184320  
      INVx11_ASAP7_75t_R  0.368640  
      INVx13_ASAP7_75t_R  0.737280  
       INVx1_ASAP7_75t_R  0.046080  
       INVx2_ASAP7_75t_R  0.092160  
       INVx3_ASAP7_75t_R  0.184320  
       INVx4_ASAP7_75t_R  0.184320  
       INVx5_ASAP7_75t_R  0.184320  
       INVx6_ASAP7_75t_R  0.368640  
       INVx8_ASAP7_75t_R  0.368640  
     INVxp33_ASAP7_75t_R  0.011520  
     INVxp67_ASAP7_75t_R  0.023040  
     MAJIxp5_ASAP7_75t_R  0.023040  
       MAJx2_ASAP7_75t_R  0.092160  
       MAJx3_ASAP7_75t_R  0.184320  
     NAND2x1_ASAP7_75t_R  0.046080  
    NAND2x1p5_ASAP7_75t_R  0.092160  
     NAND2x2_ASAP7_75t_R  0.092160  
    NAND2xp33_ASAP7_75t_R  0.011520  
    NAND2xp5_ASAP7_75t_R  0.023040  
    NAND2xp67_ASAP7_75t_R  0.023040  
     NAND3x1_ASAP7_75t_R  0.046080  
     NAND3x2_ASAP7_75t_R  0.092160  
    NAND3xp33_ASAP7_75t_R  0.011520  
    NAND4xp25_ASAP7_75t_R  0.011520  
    NAND4xp75_ASAP7_75t_R  0.046080  
    NAND5xp2_ASAP7_75t_R  0.011520  
      NOR2x1_ASAP7_75t_R  0.046080  
    NOR2x1p5_ASAP7_75t_R  0.092160  
      NOR2x2_ASAP7_75t_R  0.092160  
    NOR2xp33_ASAP7_75t_R  0.011520  
    NOR2xp67_ASAP7_75t_R  0.023040  
      NOR3x1_ASAP7_75t_R  0.046080  
      NOR3x2_ASAP7_75t_R  0.092160  
    NOR3xp33_ASAP7_75t_R  0.011520  
    NOR4xp25_ASAP7_75t_R  0.011520  
    NOR4xp75_ASAP7_75t_R  0.046080  
     NOR5xp2_ASAP7_75t_R  0.011520  
    O2A1O1Ixp33_ASAP7_75t_R  0.011520  
    O2A1O1Ixp5_ASAP7_75t_R  0.023040  
     OA211x2_ASAP7_75t_R  0.092160  
      OA21x2_ASAP7_75t_R  0.092160  
     OA221x2_ASAP7_75t_R  0.092160  
     OA222x2_ASAP7_75t_R  0.092160  
      OA22x2_ASAP7_75t_R  0.092160  
      OA31x2_ASAP7_75t_R  0.092160  
     OA331x1_ASAP7_75t_R  0.046080  
     OA331x2_ASAP7_75t_R  0.092160  
     OA332x1_ASAP7_75t_R  0.046080  
     OA332x2_ASAP7_75t_R  0.092160  
     OA333x1_ASAP7_75t_R  0.046080  
     OA333x2_ASAP7_75t_R  0.092160  
      OA33x2_ASAP7_75t_R  0.092160  
    OAI211xp5_ASAP7_75t_R  0.023040  
     OAI21x1_ASAP7_75t_R  0.046080  
    OAI21xp33_ASAP7_75t_R  0.011520  
    OAI21xp5_ASAP7_75t_R  0.023040  
    OAI221xp5_ASAP7_75t_R  0.023040  
    OAI222xp33_ASAP7_75t_R  0.011520  
     OAI22x1_ASAP7_75t_R  0.046080  
    OAI22xp33_ASAP7_75t_R  0.011520  
    OAI22xp5_ASAP7_75t_R  0.023040  
    OAI311xp33_ASAP7_75t_R  0.011520  
    OAI31xp33_ASAP7_75t_R  0.011520  
    OAI31xp67_ASAP7_75t_R  0.023040  
    OAI321xp33_ASAP7_75t_R  0.011520  
    OAI322xp33_ASAP7_75t_R  0.011520  
    OAI32xp33_ASAP7_75t_R  0.011520  
    OAI331xp33_ASAP7_75t_R  0.011520  
    OAI332xp33_ASAP7_75t_R  0.011520  
    OAI333xp33_ASAP7_75t_R  0.011520  
    OAI33xp33_ASAP7_75t_R  0.011520  
       OR2x2_ASAP7_75t_R  0.092160  
       OR2x4_ASAP7_75t_R  0.184320  
       OR2x6_ASAP7_75t_R  0.368640  
       OR3x1_ASAP7_75t_R  0.046080  
       OR3x2_ASAP7_75t_R  0.092160  
       OR3x4_ASAP7_75t_R  0.184320  
       OR4x1_ASAP7_75t_R  0.046080  
       OR4x2_ASAP7_75t_R  0.092160  
       OR5x1_ASAP7_75t_R  0.046080  
       OR5x2_ASAP7_75t_R  0.092160  
      SDFHx1_ASAP7_75t_R  0.046080  
      SDFHx2_ASAP7_75t_R  0.092160  
      SDFHx3_ASAP7_75t_R  0.184320  
      SDFHx4_ASAP7_75t_R  0.184320  
      SDFLx1_ASAP7_75t_R  0.046080  
      SDFLx2_ASAP7_75t_R  0.092160  
      SDFLx3_ASAP7_75t_R  0.184320  
      SDFLx4_ASAP7_75t_R  0.184320  
     XNOR2x1_ASAP7_75t_R  0.046080  
     XNOR2x2_ASAP7_75t_R  0.092160  
    XNOR2xp5_ASAP7_75t_R  0.023040  
      XOR2x1_ASAP7_75t_R  0.046080  
      XOR2x2_ASAP7_75t_R  0.092160  
     XOR2xp5_ASAP7_75t_R  0.023040  183  
# Cells in .lib with max_fanout: 0  
SDC max_cap: N/A  
SDC max_tran: N/A  
SDC max_fanout: 16  
Default Ext. Scale Factor: 1.000  
Detail Ext. Scale Factor: 1.000  

==============================
Floorplan/Placement Information
==============================
Total area of Standard cells: 55889.689 um^2  
Total area of Standard cells(Subtracting Physical Cells): 26081.870 um^2  
Total area of Macros: 0.000 um^2  
Total area of Blockages: 0.000 um^2  
Total area of Pad cells: 0.000 um^2  
Total area of Core: 55906.641 um^2  
Total area of Chip: 60775.039 um^2  
Effective Utilization: 1.0000e+00  
Number of Cell Rows: 218  
% Pure Gate Density #1 (Subtracting BLOCKAGES): 99.970%  
% Pure Gate Density #2 (Subtracting BLOCKAGES and Physical Cells): 46.653%  
% Pure Gate Density #3 (Subtracting MACROS): 99.970%  
% Pure Gate Density #4 (Subtracting MACROS and Physical Cells): 46.653%  
% Pure Gate Density #5 (Subtracting MACROS and BLOCKAGES): 99.970%  
% Pure Gate Density #6 (Subtracting MACROS and BLOCKAGES for insts are not placed): 46.653%  
% Core Density (Counting Std Cells and MACROs): 99.970%  
% Core Density #2(Subtracting Physical Cells): 46.653%  
% Chip Density (Counting Std Cells and MACROs and IOs): 91.962%  
% Chip Density #2(Subtracting Physical Cells): 42.915%  
# Macros within 5 sites of IO pad: No  
Macro halo defined?: No  

==============================
Wire Length Distribution
==============================
Total M1 wire length: 0.0000 um  
Total M2 wire length: 59419.8240 um  
Total M3 wire length: 87504.1920 um  
Total M4 wire length: 0.0000 um  
Total M5 wire length: 0.0000 um  
Total M6 wire length: 0.0000 um  
Total M7 wire length: 0.0000 um  
Total M8 wire length: 0.0000 um  
Total M9 wire length: 0.0000 um  
Total Pad wire length: 0.0000 um  
Total wire length: 146924.0160 um  
Average wire length/net: 17.2547 um  
Area of Power Net Distribution: 
    ------------------------------
    Area of Power Net Distribution
    ------------------------------
    Layer Name  Area of Power Net  Routable Area  Percentage  
    M1  2519.3203  55906.6406  4.5063%  
    M2  605.9681  55906.6406  1.0839%  
    M3  0.0000  55906.6406  0.0000%  
    M4  0.0000  55906.6406  0.0000%  
    M5  0.0000  55906.6406  0.0000%  
    M6  0.0000  55906.6406  0.0000%  
    M7  0.0000  55906.6406  0.0000%  
    M8  0.0000  55906.6406  0.0000%  
    M9  0.0000  55906.6406  0.0000%  
    Pad  0.0000  55906.6406  0.0000%  For more information click here  
